Starting up http-server, serving .
Available on:
  http://127.0.0.1:8080
  http://192.168.43.214:8080
Hit CTRL-C to stop the server
[Mon Jul 22 2019 15:23:42 GMT+0530 (India Standard Time)] "GET /chapter0/index.htm" "Mozilla/5.0 (Macintosh; Intel Mac OS X 10_14_4) AppleWebKit/537.36 (KHTML, like Gecko) Chrome/75.0.3770.142 Safari/537.36"
[Mon Jul 22 2019 15:26:06 GMT+0530 (India Standard Time)] "GET /chapter0/index.htm" "Mozilla/5.0 (Macintosh; Intel Mac OS X 10_14_4) AppleWebKit/537.36 (KHTML, like Gecko) Chrome/75.0.3770.142 Safari/537.36"
[Mon Jul 22 2019 15:26:54 GMT+0530 (India Standard Time)] "GET /chapter0/index.htm" "Mozilla/5.0 (Macintosh; Intel Mac OS X 10_14_4) AppleWebKit/537.36 (KHTML, like Gecko) Chrome/75.0.3770.142 Safari/537.36"
[Mon Jul 22 2019 15:27:46 GMT+0530 (India Standard Time)] "GET /chapter0/index.htm" "Mozilla/5.0 (Macintosh; Intel Mac OS X 10_14_4) AppleWebKit/537.36 (KHTML, like Gecko) Chrome/75.0.3770.142 Safari/537.36"
[Mon Jul 22 2019 15:28:12 GMT+0530 (India Standard Time)] "GET /chapter0/index.htm" "Mozilla/5.0 (Macintosh; Intel Mac OS X 10_14_4) AppleWebKit/537.36 (KHTML, like Gecko) Chrome/75.0.3770.142 Safari/537.36"
[Mon Jul 22 2019 15:28:52 GMT+0530 (India Standard Time)] "GET /chapter0/index.htm" "Mozilla/5.0 (Macintosh; Intel Mac OS X 10_14_4) AppleWebKit/537.36 (KHTML, like Gecko) Chrome/75.0.3770.142 Safari/537.36"
[Mon Jul 22 2019 15:29:06 GMT+0530 (India Standard Time)] "GET /chapter0/index.htm" "Mozilla/5.0 (Macintosh; Intel Mac OS X 10_14_4) AppleWebKit/537.36 (KHTML, like Gecko) Chrome/75.0.3770.142 Safari/537.36"
[Mon Jul 22 2019 15:29:15 GMT+0530 (India Standard Time)] "GET /chapter0/index.htm" "Mozilla/5.0 (Macintosh; Intel Mac OS X 10_14_4) AppleWebKit/537.36 (KHTML, like Gecko) Chrome/75.0.3770.142 Safari/537.36"
[Mon Jul 22 2019 15:29:36 GMT+0530 (India Standard Time)] "GET /chapter0/index.htm" "Mozilla/5.0 (Macintosh; Intel Mac OS X 10_14_4) AppleWebKit/537.36 (KHTML, like Gecko) Chrome/75.0.3770.142 Safari/537.36"
[Mon Jul 22 2019 15:29:52 GMT+0530 (India Standard Time)] "GET /chapter0/index.htm" "Mozilla/5.0 (Macintosh; Intel Mac OS X 10_14_4) AppleWebKit/537.36 (KHTML, like Gecko) Chrome/75.0.3770.142 Safari/537.36"
[Mon Jul 22 2019 15:30:12 GMT+0530 (India Standard Time)] "GET /chapter0/index.htm" "Mozilla/5.0 (Macintosh; Intel Mac OS X 10_14_4) AppleWebKit/537.36 (KHTML, like Gecko) Chrome/75.0.3770.142 Safari/537.36"
[Mon Jul 22 2019 15:30:22 GMT+0530 (India Standard Time)] "GET /chapter0/index.htm" "Mozilla/5.0 (Macintosh; Intel Mac OS X 10_14_4) AppleWebKit/537.36 (KHTML, like Gecko) Chrome/75.0.3770.142 Safari/537.36"
[Mon Jul 22 2019 15:30:34 GMT+0530 (India Standard Time)] "GET /chapter0/index.htm" "Mozilla/5.0 (Macintosh; Intel Mac OS X 10_14_4) AppleWebKit/537.36 (KHTML, like Gecko) Chrome/75.0.3770.142 Safari/537.36"
[Mon Jul 22 2019 15:30:56 GMT+0530 (India Standard Time)] "GET /chapter0/index.htm" "Mozilla/5.0 (Macintosh; Intel Mac OS X 10_14_4) AppleWebKit/537.36 (KHTML, like Gecko) Chrome/75.0.3770.142 Safari/537.36"
[Mon Jul 22 2019 15:32:47 GMT+0530 (India Standard Time)] "GET /chapter0/index.htm" "Mozilla/5.0 (Macintosh; Intel Mac OS X 10_14_4) AppleWebKit/537.36 (KHTML, like Gecko) Chrome/75.0.3770.142 Safari/537.36"
[Mon Jul 22 2019 15:37:19 GMT+0530 (India Standard Time)] "GET /chapter0/index.htm" "Mozilla/5.0 (Macintosh; Intel Mac OS X 10_14_4) AppleWebKit/537.36 (KHTML, like Gecko) Chrome/75.0.3770.142 Safari/537.36"
[Mon Jul 22 2019 15:38:06 GMT+0530 (India Standard Time)] "GET /chapter0/index.htm" "Mozilla/5.0 (Macintosh; Intel Mac OS X 10_14_4) AppleWebKit/537.36 (KHTML, like Gecko) Chrome/75.0.3770.142 Safari/537.36"
[Mon Jul 22 2019 15:38:12 GMT+0530 (India Standard Time)] "GET /chapter0/index.htm" "Mozilla/5.0 (Macintosh; Intel Mac OS X 10_14_4) AppleWebKit/537.36 (KHTML, like Gecko) Chrome/75.0.3770.142 Safari/537.36"
[Mon Jul 22 2019 15:39:11 GMT+0530 (India Standard Time)] "GET /chapter0/index.htm" "Mozilla/5.0 (Macintosh; Intel Mac OS X 10_14_4) AppleWebKit/537.36 (KHTML, like Gecko) Chrome/75.0.3770.142 Safari/537.36"
[Mon Jul 22 2019 15:39:30 GMT+0530 (India Standard Time)] "GET /chapter0/index.htm" "Mozilla/5.0 (Macintosh; Intel Mac OS X 10_14_4) AppleWebKit/537.36 (KHTML, like Gecko) Chrome/75.0.3770.142 Safari/537.36"
[Mon Jul 22 2019 15:44:00 GMT+0530 (India Standard Time)] "GET /chapter0/index.htm" "Mozilla/5.0 (Linux; Android 6.0; Nexus 5 Build/MRA58N) AppleWebKit/537.36 (KHTML, like Gecko) Chrome/75.0.3770.142 Mobile Safari/537.36"
[Mon Jul 22 2019 15:44:00 GMT+0530 (India Standard Time)] "GET /chapter0/controller.js" "Mozilla/5.0 (Linux; Android 6.0; Nexus 5 Build/MRA58N) AppleWebKit/537.36 (KHTML, like Gecko) Chrome/75.0.3770.142 Mobile Safari/537.36"
[Mon Jul 22 2019 18:05:07 GMT+0530 (India Standard Time)] "GET /" "Mozilla/5.0 (Macintosh; Intel Mac OS X 10_14_4) AppleWebKit/537.36 (KHTML, like Gecko) Chrome/75.0.3770.142 Safari/537.36"
[Mon Jul 22 2019 18:05:08 GMT+0530 (India Standard Time)] "GET /favicon.ico" "Mozilla/5.0 (Macintosh; Intel Mac OS X 10_14_4) AppleWebKit/537.36 (KHTML, like Gecko) Chrome/75.0.3770.142 Safari/537.36"
[Mon Jul 22 2019 18:05:08 GMT+0530 (India Standard Time)] "GET /favicon.ico" Error (404): "Not found"
[Mon Jul 22 2019 18:05:09 GMT+0530 (India Standard Time)] "GET /chapter0/" "Mozilla/5.0 (Macintosh; Intel Mac OS X 10_14_4) AppleWebKit/537.36 (KHTML, like Gecko) Chrome/75.0.3770.142 Safari/537.36"
[Mon Jul 22 2019 18:05:11 GMT+0530 (India Standard Time)] "GET /chapter0/index.htm" "Mozilla/5.0 (Macintosh; Intel Mac OS X 10_14_4) AppleWebKit/537.36 (KHTML, like Gecko) Chrome/75.0.3770.142 Safari/537.36"
[Mon Jul 22 2019 18:05:11 GMT+0530 (India Standard Time)] "GET /chapter0/controller.js" "Mozilla/5.0 (Macintosh; Intel Mac OS X 10_14_4) AppleWebKit/537.36 (KHTML, like Gecko) Chrome/75.0.3770.142 Safari/537.36"
[Mon Jul 22 2019 19:03:21 GMT+0530 (India Standard Time)] "GET /chapter0/index.htm" "Mozilla/5.0 (Linux; Android 6.0; Nexus 5 Build/MRA58N) AppleWebKit/537.36 (KHTML, like Gecko) Chrome/75.0.3770.142 Mobile Safari/537.36"
[Mon Jul 22 2019 19:03:22 GMT+0530 (India Standard Time)] "GET /chapter0/controller.js" "Mozilla/5.0 (Linux; Android 6.0; Nexus 5 Build/MRA58N) AppleWebKit/537.36 (KHTML, like Gecko) Chrome/75.0.3770.142 Mobile Safari/537.36"
[Mon Jul 22 2019 19:05:21 GMT+0530 (India Standard Time)] "GET /chapter0/index.htm" "Mozilla/5.0 (Linux; Android 6.0; Nexus 5 Build/MRA58N) AppleWebKit/537.36 (KHTML, like Gecko) Chrome/75.0.3770.142 Mobile Safari/537.36"
[Mon Jul 22 2019 19:05:21 GMT+0530 (India Standard Time)] "GET /chapter0/controller.js" "Mozilla/5.0 (Linux; Android 6.0; Nexus 5 Build/MRA58N) AppleWebKit/537.36 (KHTML, like Gecko) Chrome/75.0.3770.142 Mobile Safari/537.36"
[Mon Jul 22 2019 19:06:32 GMT+0530 (India Standard Time)] "GET /chapter0/index.htm" "Mozilla/5.0 (Linux; Android 6.0; Nexus 5 Build/MRA58N) AppleWebKit/537.36 (KHTML, like Gecko) Chrome/75.0.3770.142 Mobile Safari/537.36"
[Mon Jul 22 2019 19:06:32 GMT+0530 (India Standard Time)] "GET /chapter0/controller.js" "Mozilla/5.0 (Linux; Android 6.0; Nexus 5 Build/MRA58N) AppleWebKit/537.36 (KHTML, like Gecko) Chrome/75.0.3770.142 Mobile Safari/537.36"
[Mon Jul 22 2019 19:12:52 GMT+0530 (India Standard Time)] "GET /chapter0/index.htm" "Mozilla/5.0 (Macintosh; Intel Mac OS X 10_14_4) AppleWebKit/537.36 (KHTML, like Gecko) Chrome/75.0.3770.142 Safari/537.36"
[Mon Jul 22 2019 19:14:45 GMT+0530 (India Standard Time)] "GET /chapter0/index.htm" "Mozilla/5.0 (Macintosh; Intel Mac OS X 10_14_4) AppleWebKit/537.36 (KHTML, like Gecko) Chrome/75.0.3770.142 Safari/537.36"
[Mon Jul 22 2019 19:14:47 GMT+0530 (India Standard Time)] "GET /chapter0/index.htm" "Mozilla/5.0 (Macintosh; Intel Mac OS X 10_14_4) AppleWebKit/537.36 (KHTML, like Gecko) Chrome/75.0.3770.142 Safari/537.36"
[Mon Jul 22 2019 19:15:05 GMT+0530 (India Standard Time)] "GET /chapter0/index.htm" "Mozilla/5.0 (Macintosh; Intel Mac OS X 10_14_4) AppleWebKit/537.36 (KHTML, like Gecko) Chrome/75.0.3770.142 Safari/537.36"
[Mon Jul 22 2019 19:17:39 GMT+0530 (India Standard Time)] "GET /chapter0/index.htm" "Mozilla/5.0 (Macintosh; Intel Mac OS X 10_14_4) AppleWebKit/537.36 (KHTML, like Gecko) Chrome/75.0.3770.142 Safari/537.36"
[Mon Jul 22 2019 19:18:04 GMT+0530 (India Standard Time)] "GET /chapter0/index.htm" "Mozilla/5.0 (Macintosh; Intel Mac OS X 10_14_4) AppleWebKit/537.36 (KHTML, like Gecko) Chrome/75.0.3770.142 Safari/537.36"
[Mon Jul 22 2019 19:18:34 GMT+0530 (India Standard Time)] "GET /chapter0/index.htm" "Mozilla/5.0 (Macintosh; Intel Mac OS X 10_14_4) AppleWebKit/537.36 (KHTML, like Gecko) Chrome/75.0.3770.142 Safari/537.36"
[Mon Jul 22 2019 19:20:07 GMT+0530 (India Standard Time)] "GET /chapter0/index.htm" "Mozilla/5.0 (Macintosh; Intel Mac OS X 10_14_4) AppleWebKit/537.36 (KHTML, like Gecko) Chrome/75.0.3770.142 Safari/537.36"
[Mon Jul 22 2019 23:47:29 GMT+0530 (India Standard Time)] "GET /" "Mozilla/5.0 (Macintosh; Intel Mac OS X 10_14_4) AppleWebKit/537.36 (KHTML, like Gecko) Chrome/75.0.3770.142 Safari/537.36"
[Mon Jul 22 2019 23:47:30 GMT+0530 (India Standard Time)] "GET /favicon.ico" "Mozilla/5.0 (Macintosh; Intel Mac OS X 10_14_4) AppleWebKit/537.36 (KHTML, like Gecko) Chrome/75.0.3770.142 Safari/537.36"
[Mon Jul 22 2019 23:47:30 GMT+0530 (India Standard Time)] "GET /favicon.ico" Error (404): "Not found"
[Mon Jul 22 2019 23:48:22 GMT+0530 (India Standard Time)] "GET /" "Mozilla/5.0 (Macintosh; Intel Mac OS X 10_14_4) AppleWebKit/537.36 (KHTML, like Gecko) Chrome/75.0.3770.142 Safari/537.36"
[Mon Jul 22 2019 23:48:26 GMT+0530 (India Standard Time)] "GET /chapter0/" "Mozilla/5.0 (Macintosh; Intel Mac OS X 10_14_4) AppleWebKit/537.36 (KHTML, like Gecko) Chrome/75.0.3770.142 Safari/537.36"
[Mon Jul 22 2019 23:48:28 GMT+0530 (India Standard Time)] "GET /chapter0/index.htm" "Mozilla/5.0 (Macintosh; Intel Mac OS X 10_14_4) AppleWebKit/537.36 (KHTML, like Gecko) Chrome/75.0.3770.142 Safari/537.36"
[Mon Jul 22 2019 23:48:29 GMT+0530 (India Standard Time)] "GET /chapter0/controller.js" "Mozilla/5.0 (Macintosh; Intel Mac OS X 10_14_4) AppleWebKit/537.36 (KHTML, like Gecko) Chrome/75.0.3770.142 Safari/537.36"
[Mon Jul 22 2019 23:48:29 GMT+0530 (India Standard Time)] "GET /chapter0/welcome.html" "Mozilla/5.0 (Macintosh; Intel Mac OS X 10_14_4) AppleWebKit/537.36 (KHTML, like Gecko) Chrome/75.0.3770.142 Safari/537.36"
[Mon Jul 22 2019 23:48:29 GMT+0530 (India Standard Time)] "GET /chapter0/welcome.html" Error (404): "Not found"
[Mon Jul 22 2019 23:48:57 GMT+0530 (India Standard Time)] "GET /chapter0/index.htm" "Mozilla/5.0 (Macintosh; Intel Mac OS X 10_14_4) AppleWebKit/537.36 (KHTML, like Gecko) Chrome/75.0.3770.142 Safari/537.36"
[Mon Jul 22 2019 23:48:57 GMT+0530 (India Standard Time)] "GET /chapter0/welcome.html" "Mozilla/5.0 (Macintosh; Intel Mac OS X 10_14_4) AppleWebKit/537.36 (KHTML, like Gecko) Chrome/75.0.3770.142 Safari/537.36"
[Mon Jul 22 2019 23:48:57 GMT+0530 (India Standard Time)] "GET /chapter0/welcome.html" Error (404): "Not found"
[Mon Jul 22 2019 23:48:58 GMT+0530 (India Standard Time)] "GET /chapter0/index.htm" "Mozilla/5.0 (Macintosh; Intel Mac OS X 10_14_4) AppleWebKit/537.36 (KHTML, like Gecko) Chrome/75.0.3770.142 Safari/537.36"
[Mon Jul 22 2019 23:48:58 GMT+0530 (India Standard Time)] "GET /chapter0/welcome.html" "Mozilla/5.0 (Macintosh; Intel Mac OS X 10_14_4) AppleWebKit/537.36 (KHTML, like Gecko) Chrome/75.0.3770.142 Safari/537.36"
[Mon Jul 22 2019 23:48:58 GMT+0530 (India Standard Time)] "GET /chapter0/welcome.html" Error (404): "Not found"
[Mon Jul 22 2019 23:49:14 GMT+0530 (India Standard Time)] "GET /chapter0/index.htm" "Mozilla/5.0 (Macintosh; Intel Mac OS X 10_14_4) AppleWebKit/537.36 (KHTML, like Gecko) Chrome/75.0.3770.142 Safari/537.36"
[Mon Jul 22 2019 23:49:14 GMT+0530 (India Standard Time)] "GET /chapter0/welcome.html" "Mozilla/5.0 (Macintosh; Intel Mac OS X 10_14_4) AppleWebKit/537.36 (KHTML, like Gecko) Chrome/75.0.3770.142 Safari/537.36"
[Mon Jul 22 2019 23:49:14 GMT+0530 (India Standard Time)] "GET /chapter0/welcome.html" Error (404): "Not found"
[Mon Jul 22 2019 23:51:56 GMT+0530 (India Standard Time)] "GET /" "Mozilla/5.0 (Macintosh; Intel Mac OS X 10_14_4) AppleWebKit/537.36 (KHTML, like Gecko) Chrome/75.0.3770.142 Safari/537.36"
[Mon Jul 22 2019 23:51:57 GMT+0530 (India Standard Time)] "GET /chapter0/" "Mozilla/5.0 (Macintosh; Intel Mac OS X 10_14_4) AppleWebKit/537.36 (KHTML, like Gecko) Chrome/75.0.3770.142 Safari/537.36"
[Mon Jul 22 2019 23:52:03 GMT+0530 (India Standard Time)] "GET /chapter0/index.htm" "Mozilla/5.0 (Macintosh; Intel Mac OS X 10_14_4) AppleWebKit/537.36 (KHTML, like Gecko) Chrome/75.0.3770.142 Safari/537.36"
[Mon Jul 22 2019 23:52:03 GMT+0530 (India Standard Time)] "GET /chapter0/controller.js" "Mozilla/5.0 (Macintosh; Intel Mac OS X 10_14_4) AppleWebKit/537.36 (KHTML, like Gecko) Chrome/75.0.3770.142 Safari/537.36"
[Mon Jul 22 2019 23:52:03 GMT+0530 (India Standard Time)] "GET /chapter0/welcome.html" "Mozilla/5.0 (Macintosh; Intel Mac OS X 10_14_4) AppleWebKit/537.36 (KHTML, like Gecko) Chrome/75.0.3770.142 Safari/537.36"
[Mon Jul 22 2019 23:54:31 GMT+0530 (India Standard Time)] "GET /chapter0/index.htm" "Mozilla/5.0 (Macintosh; Intel Mac OS X 10_14_4) AppleWebKit/537.36 (KHTML, like Gecko) Chrome/75.0.3770.142 Safari/537.36"
[Mon Jul 22 2019 23:54:59 GMT+0530 (India Standard Time)] "GET /chapter0/index.htm" "Mozilla/5.0 (Macintosh; Intel Mac OS X 10_14_4) AppleWebKit/537.36 (KHTML, like Gecko) Chrome/75.0.3770.142 Safari/537.36"
[Mon Jul 22 2019 23:55:01 GMT+0530 (India Standard Time)] "GET /chapter0/index.htm" "Mozilla/5.0 (Macintosh; Intel Mac OS X 10_14_4) AppleWebKit/537.36 (KHTML, like Gecko) Chrome/75.0.3770.142 Safari/537.36"
[Mon Jul 22 2019 23:55:02 GMT+0530 (India Standard Time)] "GET /chapter0/index.htm" "Mozilla/5.0 (Macintosh; Intel Mac OS X 10_14_4) AppleWebKit/537.36 (KHTML, like Gecko) Chrome/75.0.3770.142 Safari/537.36"
[Mon Jul 22 2019 23:55:13 GMT+0530 (India Standard Time)] "GET /chapter0/index.htm" "Mozilla/5.0 (Macintosh; Intel Mac OS X 10_14_4) AppleWebKit/537.36 (KHTML, like Gecko) Chrome/75.0.3770.142 Safari/537.36"
[Mon Jul 22 2019 23:55:14 GMT+0530 (India Standard Time)] "GET /chapter0/welcome.html" "Mozilla/5.0 (Macintosh; Intel Mac OS X 10_14_4) AppleWebKit/537.36 (KHTML, like Gecko) Chrome/75.0.3770.142 Safari/537.36"
[Mon Jul 22 2019 23:56:15 GMT+0530 (India Standard Time)] "GET /chapter0/index.htm" "Mozilla/5.0 (Macintosh; Intel Mac OS X 10_14_4) AppleWebKit/537.36 (KHTML, like Gecko) Chrome/75.0.3770.142 Safari/537.36"
[Mon Jul 22 2019 23:56:18 GMT+0530 (India Standard Time)] "GET /chapter0/index.htm" "Mozilla/5.0 (Macintosh; Intel Mac OS X 10_14_4) AppleWebKit/537.36 (KHTML, like Gecko) Chrome/75.0.3770.142 Safari/537.36"
[Mon Jul 22 2019 23:56:24 GMT+0530 (India Standard Time)] "GET /chapter0/index.htm" "Mozilla/5.0 (Macintosh; Intel Mac OS X 10_14_4) AppleWebKit/537.36 (KHTML, like Gecko) Chrome/75.0.3770.142 Safari/537.36"
[Mon Jul 22 2019 23:56:25 GMT+0530 (India Standard Time)] "GET /chapter0/index.htm" "Mozilla/5.0 (Macintosh; Intel Mac OS X 10_14_4) AppleWebKit/537.36 (KHTML, like Gecko) Chrome/75.0.3770.142 Safari/537.36"
[Mon Jul 22 2019 23:56:26 GMT+0530 (India Standard Time)] "GET /chapter0/index.htm" "Mozilla/5.0 (Macintosh; Intel Mac OS X 10_14_4) AppleWebKit/537.36 (KHTML, like Gecko) Chrome/75.0.3770.142 Safari/537.36"
[Mon Jul 22 2019 23:56:26 GMT+0530 (India Standard Time)] "GET /chapter0/index.htm" "Mozilla/5.0 (Macintosh; Intel Mac OS X 10_14_4) AppleWebKit/537.36 (KHTML, like Gecko) Chrome/75.0.3770.142 Safari/537.36"
[Mon Jul 22 2019 23:56:26 GMT+0530 (India Standard Time)] "GET /chapter0/index.htm" "Mozilla/5.0 (Macintosh; Intel Mac OS X 10_14_4) AppleWebKit/537.36 (KHTML, like Gecko) Chrome/75.0.3770.142 Safari/537.36"
[Mon Jul 22 2019 23:56:26 GMT+0530 (India Standard Time)] "GET /chapter0/index.htm" "Mozilla/5.0 (Macintosh; Intel Mac OS X 10_14_4) AppleWebKit/537.36 (KHTML, like Gecko) Chrome/75.0.3770.142 Safari/537.36"
[Mon Jul 22 2019 23:56:26 GMT+0530 (India Standard Time)] "GET /chapter0/index.htm" "Mozilla/5.0 (Macintosh; Intel Mac OS X 10_14_4) AppleWebKit/537.36 (KHTML, like Gecko) Chrome/75.0.3770.142 Safari/537.36"
[Mon Jul 22 2019 23:56:27 GMT+0530 (India Standard Time)] "GET /chapter0/index.htm" "Mozilla/5.0 (Macintosh; Intel Mac OS X 10_14_4) AppleWebKit/537.36 (KHTML, like Gecko) Chrome/75.0.3770.142 Safari/537.36"
[Mon Jul 22 2019 23:56:28 GMT+0530 (India Standard Time)] "GET /chapter0/index.htm" "Mozilla/5.0 (Macintosh; Intel Mac OS X 10_14_4) AppleWebKit/537.36 (KHTML, like Gecko) Chrome/75.0.3770.142 Safari/537.36"
[Mon Jul 22 2019 23:56:28 GMT+0530 (India Standard Time)] "GET /chapter0/index.htm" "Mozilla/5.0 (Macintosh; Intel Mac OS X 10_14_4) AppleWebKit/537.36 (KHTML, like Gecko) Chrome/75.0.3770.142 Safari/537.36"
[Mon Jul 22 2019 23:56:29 GMT+0530 (India Standard Time)] "GET /chapter0/index.htm" "Mozilla/5.0 (Macintosh; Intel Mac OS X 10_14_4) AppleWebKit/537.36 (KHTML, like Gecko) Chrome/75.0.3770.142 Safari/537.36"
[Mon Jul 22 2019 23:56:29 GMT+0530 (India Standard Time)] "GET /chapter0/index.htm" "Mozilla/5.0 (Macintosh; Intel Mac OS X 10_14_4) AppleWebKit/537.36 (KHTML, like Gecko) Chrome/75.0.3770.142 Safari/537.36"
[Mon Jul 22 2019 23:56:29 GMT+0530 (India Standard Time)] "GET /chapter0/index.htm" "Mozilla/5.0 (Macintosh; Intel Mac OS X 10_14_4) AppleWebKit/537.36 (KHTML, like Gecko) Chrome/75.0.3770.142 Safari/537.36"
[Mon Jul 22 2019 23:56:29 GMT+0530 (India Standard Time)] "GET /chapter0/index.htm" "Mozilla/5.0 (Macintosh; Intel Mac OS X 10_14_4) AppleWebKit/537.36 (KHTML, like Gecko) Chrome/75.0.3770.142 Safari/537.36"
[Mon Jul 22 2019 23:56:30 GMT+0530 (India Standard Time)] "GET /chapter0/index.htm" "Mozilla/5.0 (Macintosh; Intel Mac OS X 10_14_4) AppleWebKit/537.36 (KHTML, like Gecko) Chrome/75.0.3770.142 Safari/537.36"
[Mon Jul 22 2019 23:56:39 GMT+0530 (India Standard Time)] "GET /chapter0/welcome.html" "Mozilla/5.0 (Macintosh; Intel Mac OS X 10_14_4) AppleWebKit/537.36 (KHTML, like Gecko) Chrome/75.0.3770.142 Safari/537.36"
[Tue Jul 23 2019 09:57:26 GMT+0530 (India Standard Time)] "GET /chapter0/index.htm" "Mozilla/5.0 (Macintosh; Intel Mac OS X 10_14_4) AppleWebKit/537.36 (KHTML, like Gecko) Chrome/75.0.3770.142 Safari/537.36"
[Tue Jul 23 2019 09:57:27 GMT+0530 (India Standard Time)] "GET /chapter0/controller.js" "Mozilla/5.0 (Macintosh; Intel Mac OS X 10_14_4) AppleWebKit/537.36 (KHTML, like Gecko) Chrome/75.0.3770.142 Safari/537.36"
[Tue Jul 23 2019 09:57:27 GMT+0530 (India Standard Time)] "GET /chapter0/welcome.html" "Mozilla/5.0 (Macintosh; Intel Mac OS X 10_14_4) AppleWebKit/537.36 (KHTML, like Gecko) Chrome/75.0.3770.142 Safari/537.36"
[Tue Jul 23 2019 09:57:41 GMT+0530 (India Standard Time)] "GET /chapter0/index.htm" "Mozilla/5.0 (Macintosh; Intel Mac OS X 10_14_4) AppleWebKit/537.36 (KHTML, like Gecko) Chrome/75.0.3770.142 Safari/537.36"
[Tue Jul 23 2019 09:57:41 GMT+0530 (India Standard Time)] "GET /chapter0/controller.js" "Mozilla/5.0 (Macintosh; Intel Mac OS X 10_14_4) AppleWebKit/537.36 (KHTML, like Gecko) Chrome/75.0.3770.142 Safari/537.36"
[Tue Jul 23 2019 09:58:03 GMT+0530 (India Standard Time)] "GET /chapter0/index.htm" "Mozilla/5.0 (Macintosh; Intel Mac OS X 10_14_4) AppleWebKit/537.36 (KHTML, like Gecko) Chrome/75.0.3770.142 Safari/537.36"
[Tue Jul 23 2019 09:58:04 GMT+0530 (India Standard Time)] "GET /chapter0/index.htm" "Mozilla/5.0 (Macintosh; Intel Mac OS X 10_14_4) AppleWebKit/537.36 (KHTML, like Gecko) Chrome/75.0.3770.142 Safari/537.36"
[Tue Jul 23 2019 09:58:05 GMT+0530 (India Standard Time)] "GET /chapter0/index.htm" "Mozilla/5.0 (Macintosh; Intel Mac OS X 10_14_4) AppleWebKit/537.36 (KHTML, like Gecko) Chrome/75.0.3770.142 Safari/537.36"
[Tue Jul 23 2019 09:58:05 GMT+0530 (India Standard Time)] "GET /chapter0/index.htm" "Mozilla/5.0 (Macintosh; Intel Mac OS X 10_14_4) AppleWebKit/537.36 (KHTML, like Gecko) Chrome/75.0.3770.142 Safari/537.36"
[Tue Jul 23 2019 09:58:06 GMT+0530 (India Standard Time)] "GET /chapter0/index.htm" "Mozilla/5.0 (Macintosh; Intel Mac OS X 10_14_4) AppleWebKit/537.36 (KHTML, like Gecko) Chrome/75.0.3770.142 Safari/537.36"
[Tue Jul 23 2019 09:58:06 GMT+0530 (India Standard Time)] "GET /chapter0/index.htm" "Mozilla/5.0 (Macintosh; Intel Mac OS X 10_14_4) AppleWebKit/537.36 (KHTML, like Gecko) Chrome/75.0.3770.142 Safari/537.36"
[Tue Jul 23 2019 09:58:06 GMT+0530 (India Standard Time)] "GET /chapter0/index.htm" "Mozilla/5.0 (Macintosh; Intel Mac OS X 10_14_4) AppleWebKit/537.36 (KHTML, like Gecko) Chrome/75.0.3770.142 Safari/537.36"
[Tue Jul 23 2019 09:58:06 GMT+0530 (India Standard Time)] "GET /chapter0/index.htm" "Mozilla/5.0 (Macintosh; Intel Mac OS X 10_14_4) AppleWebKit/537.36 (KHTML, like Gecko) Chrome/75.0.3770.142 Safari/537.36"
[Tue Jul 23 2019 09:58:16 GMT+0530 (India Standard Time)] "GET /chapter0/index.htm" "Mozilla/5.0 (Linux; Android 6.0; Nexus 5 Build/MRA58N) AppleWebKit/537.36 (KHTML, like Gecko) Chrome/75.0.3770.142 Mobile Safari/537.36"
[Tue Jul 23 2019 09:58:16 GMT+0530 (India Standard Time)] "GET /chapter0/controller.js" "Mozilla/5.0 (Linux; Android 6.0; Nexus 5 Build/MRA58N) AppleWebKit/537.36 (KHTML, like Gecko) Chrome/75.0.3770.142 Mobile Safari/537.36"
[Tue Jul 23 2019 09:58:16 GMT+0530 (India Standard Time)] "GET /chapter0/welcome.html" "Mozilla/5.0 (Linux; Android 6.0; Nexus 5 Build/MRA58N) AppleWebKit/537.36 (KHTML, like Gecko) Chrome/75.0.3770.142 Mobile Safari/537.36"
[Tue Jul 23 2019 09:58:34 GMT+0530 (India Standard Time)] "GET /chapter0/index.htm" "Mozilla/5.0 (Linux; Android 6.0; Nexus 5 Build/MRA58N) AppleWebKit/537.36 (KHTML, like Gecko) Chrome/75.0.3770.142 Mobile Safari/537.36"
[Tue Jul 23 2019 09:58:34 GMT+0530 (India Standard Time)] "GET /chapter0/controller.js" "Mozilla/5.0 (Linux; Android 6.0; Nexus 5 Build/MRA58N) AppleWebKit/537.36 (KHTML, like Gecko) Chrome/75.0.3770.142 Mobile Safari/537.36"
[Tue Jul 23 2019 09:58:34 GMT+0530 (India Standard Time)] "GET /chapter0/welcome.html" "Mozilla/5.0 (Linux; Android 6.0; Nexus 5 Build/MRA58N) AppleWebKit/537.36 (KHTML, like Gecko) Chrome/75.0.3770.142 Mobile Safari/537.36"
[Tue Jul 23 2019 10:00:03 GMT+0530 (India Standard Time)] "GET /chapter0/index.htm" "Mozilla/5.0 (Linux; Android 6.0; Nexus 5 Build/MRA58N) AppleWebKit/537.36 (KHTML, like Gecko) Chrome/75.0.3770.142 Mobile Safari/537.36"
[Tue Jul 23 2019 10:00:03 GMT+0530 (India Standard Time)] "GET /chapter0/controller.js" "Mozilla/5.0 (Linux; Android 6.0; Nexus 5 Build/MRA58N) AppleWebKit/537.36 (KHTML, like Gecko) Chrome/75.0.3770.142 Mobile Safari/537.36"
[Tue Jul 23 2019 10:00:04 GMT+0530 (India Standard Time)] "GET /chapter0/welcome.html" "Mozilla/5.0 (Linux; Android 6.0; Nexus 5 Build/MRA58N) AppleWebKit/537.36 (KHTML, like Gecko) Chrome/75.0.3770.142 Mobile Safari/537.36"
[Tue Jul 23 2019 10:00:39 GMT+0530 (India Standard Time)] "GET /chapter0/index.htm" "Mozilla/5.0 (Linux; Android 6.0; Nexus 5 Build/MRA58N) AppleWebKit/537.36 (KHTML, like Gecko) Chrome/75.0.3770.142 Mobile Safari/537.36"
[Tue Jul 23 2019 10:00:39 GMT+0530 (India Standard Time)] "GET /chapter0/controller.js" "Mozilla/5.0 (Linux; Android 6.0; Nexus 5 Build/MRA58N) AppleWebKit/537.36 (KHTML, like Gecko) Chrome/75.0.3770.142 Mobile Safari/537.36"
[Tue Jul 23 2019 10:00:40 GMT+0530 (India Standard Time)] "GET /chapter0/welcome.html" "Mozilla/5.0 (Linux; Android 6.0; Nexus 5 Build/MRA58N) AppleWebKit/537.36 (KHTML, like Gecko) Chrome/75.0.3770.142 Mobile Safari/537.36"
[Tue Jul 23 2019 10:00:48 GMT+0530 (India Standard Time)] "GET /chapter0/index.htm" "Mozilla/5.0 (Linux; Android 6.0; Nexus 5 Build/MRA58N) AppleWebKit/537.36 (KHTML, like Gecko) Chrome/75.0.3770.142 Mobile Safari/537.36"
[Tue Jul 23 2019 10:00:48 GMT+0530 (India Standard Time)] "GET /chapter0/controller.js" "Mozilla/5.0 (Linux; Android 6.0; Nexus 5 Build/MRA58N) AppleWebKit/537.36 (KHTML, like Gecko) Chrome/75.0.3770.142 Mobile Safari/537.36"
[Tue Jul 23 2019 10:00:49 GMT+0530 (India Standard Time)] "GET /chapter0/welcome.html" "Mozilla/5.0 (Linux; Android 6.0; Nexus 5 Build/MRA58N) AppleWebKit/537.36 (KHTML, like Gecko) Chrome/75.0.3770.142 Mobile Safari/537.36"
[Tue Jul 23 2019 10:01:03 GMT+0530 (India Standard Time)] "GET /chapter0/index.htm" "Mozilla/5.0 (Linux; Android 6.0; Nexus 5 Build/MRA58N) AppleWebKit/537.36 (KHTML, like Gecko) Chrome/75.0.3770.142 Mobile Safari/537.36"
[Tue Jul 23 2019 10:01:03 GMT+0530 (India Standard Time)] "GET /chapter0/controller.js" "Mozilla/5.0 (Linux; Android 6.0; Nexus 5 Build/MRA58N) AppleWebKit/537.36 (KHTML, like Gecko) Chrome/75.0.3770.142 Mobile Safari/537.36"
[Tue Jul 23 2019 10:01:04 GMT+0530 (India Standard Time)] "GET /chapter0/welcome.html" "Mozilla/5.0 (Linux; Android 6.0; Nexus 5 Build/MRA58N) AppleWebKit/537.36 (KHTML, like Gecko) Chrome/75.0.3770.142 Mobile Safari/537.36"
[Tue Jul 23 2019 10:11:45 GMT+0530 (India Standard Time)] "GET /chapter0/index.htm" "Mozilla/5.0 (Macintosh; Intel Mac OS X 10_14_4) AppleWebKit/537.36 (KHTML, like Gecko) Chrome/75.0.3770.142 Safari/537.36"
[Tue Jul 23 2019 10:11:46 GMT+0530 (India Standard Time)] "GET /chapter0/index.htm" "Mozilla/5.0 (Macintosh; Intel Mac OS X 10_14_4) AppleWebKit/537.36 (KHTML, like Gecko) Chrome/75.0.3770.142 Safari/537.36"
[Tue Jul 23 2019 10:11:47 GMT+0530 (India Standard Time)] "GET /chapter0/index.htm" "Mozilla/5.0 (Macintosh; Intel Mac OS X 10_14_4) AppleWebKit/537.36 (KHTML, like Gecko) Chrome/75.0.3770.142 Safari/537.36"
[Tue Jul 23 2019 10:11:47 GMT+0530 (India Standard Time)] "GET /chapter0/index.htm" "Mozilla/5.0 (Macintosh; Intel Mac OS X 10_14_4) AppleWebKit/537.36 (KHTML, like Gecko) Chrome/75.0.3770.142 Safari/537.36"
[Tue Jul 23 2019 10:11:47 GMT+0530 (India Standard Time)] "GET /chapter0/index.htm" "Mozilla/5.0 (Macintosh; Intel Mac OS X 10_14_4) AppleWebKit/537.36 (KHTML, like Gecko) Chrome/75.0.3770.142 Safari/537.36"
[Tue Jul 23 2019 10:11:48 GMT+0530 (India Standard Time)] "GET /chapter0/index.htm" "Mozilla/5.0 (Macintosh; Intel Mac OS X 10_14_4) AppleWebKit/537.36 (KHTML, like Gecko) Chrome/75.0.3770.142 Safari/537.36"
[Tue Jul 23 2019 10:11:48 GMT+0530 (India Standard Time)] "GET /chapter0/index.htm" "Mozilla/5.0 (Macintosh; Intel Mac OS X 10_14_4) AppleWebKit/537.36 (KHTML, like Gecko) Chrome/75.0.3770.142 Safari/537.36"
[Tue Jul 23 2019 10:11:48 GMT+0530 (India Standard Time)] "GET /chapter0/index.htm" "Mozilla/5.0 (Macintosh; Intel Mac OS X 10_14_4) AppleWebKit/537.36 (KHTML, like Gecko) Chrome/75.0.3770.142 Safari/537.36"
[Tue Jul 23 2019 10:11:50 GMT+0530 (India Standard Time)] "GET /chapter0/index.htm" "Mozilla/5.0 (Linux; Android 6.0; Nexus 5 Build/MRA58N) AppleWebKit/537.36 (KHTML, like Gecko) Chrome/75.0.3770.142 Mobile Safari/537.36"
[Tue Jul 23 2019 10:11:51 GMT+0530 (India Standard Time)] "GET /chapter0/controller.js" "Mozilla/5.0 (Linux; Android 6.0; Nexus 5 Build/MRA58N) AppleWebKit/537.36 (KHTML, like Gecko) Chrome/75.0.3770.142 Mobile Safari/537.36"
[Tue Jul 23 2019 10:11:51 GMT+0530 (India Standard Time)] "GET /chapter0/welcome.html" "Mozilla/5.0 (Linux; Android 6.0; Nexus 5 Build/MRA58N) AppleWebKit/537.36 (KHTML, like Gecko) Chrome/75.0.3770.142 Mobile Safari/537.36"
[Tue Jul 23 2019 10:12:13 GMT+0530 (India Standard Time)] "GET /chapter0/index.htm" "Mozilla/5.0 (Linux; Android 6.0; Nexus 5 Build/MRA58N) AppleWebKit/537.36 (KHTML, like Gecko) Chrome/75.0.3770.142 Mobile Safari/537.36"
[Tue Jul 23 2019 10:12:13 GMT+0530 (India Standard Time)] "GET /chapter0/controller.js" "Mozilla/5.0 (Linux; Android 6.0; Nexus 5 Build/MRA58N) AppleWebKit/537.36 (KHTML, like Gecko) Chrome/75.0.3770.142 Mobile Safari/537.36"
[Tue Jul 23 2019 10:12:14 GMT+0530 (India Standard Time)] "GET /chapter0/welcome.html" "Mozilla/5.0 (Linux; Android 6.0; Nexus 5 Build/MRA58N) AppleWebKit/537.36 (KHTML, like Gecko) Chrome/75.0.3770.142 Mobile Safari/537.36"
[Tue Jul 23 2019 10:13:34 GMT+0530 (India Standard Time)] "GET /chapter0/index.htm" "Mozilla/5.0 (Linux; Android 6.0; Nexus 5 Build/MRA58N) AppleWebKit/537.36 (KHTML, like Gecko) Chrome/75.0.3770.142 Mobile Safari/537.36"
[Tue Jul 23 2019 10:13:34 GMT+0530 (India Standard Time)] "GET /chapter0/controller.js" "Mozilla/5.0 (Linux; Android 6.0; Nexus 5 Build/MRA58N) AppleWebKit/537.36 (KHTML, like Gecko) Chrome/75.0.3770.142 Mobile Safari/537.36"
[Tue Jul 23 2019 10:13:34 GMT+0530 (India Standard Time)] "GET /chapter0/welcome.html" "Mozilla/5.0 (Linux; Android 6.0; Nexus 5 Build/MRA58N) AppleWebKit/537.36 (KHTML, like Gecko) Chrome/75.0.3770.142 Mobile Safari/537.36"
[Tue Jul 23 2019 10:13:56 GMT+0530 (India Standard Time)] "GET /chapter0/index.htm" "Mozilla/5.0 (Linux; Android 6.0; Nexus 5 Build/MRA58N) AppleWebKit/537.36 (KHTML, like Gecko) Chrome/75.0.3770.142 Mobile Safari/537.36"
[Tue Jul 23 2019 10:13:56 GMT+0530 (India Standard Time)] "GET /chapter0/controller.js" "Mozilla/5.0 (Linux; Android 6.0; Nexus 5 Build/MRA58N) AppleWebKit/537.36 (KHTML, like Gecko) Chrome/75.0.3770.142 Mobile Safari/537.36"
[Tue Jul 23 2019 10:13:57 GMT+0530 (India Standard Time)] "GET /chapter0/welcome.html" "Mozilla/5.0 (Linux; Android 6.0; Nexus 5 Build/MRA58N) AppleWebKit/537.36 (KHTML, like Gecko) Chrome/75.0.3770.142 Mobile Safari/537.36"
[Tue Jul 23 2019 10:14:15 GMT+0530 (India Standard Time)] "GET /chapter0/index.htm" "Mozilla/5.0 (Linux; Android 6.0; Nexus 5 Build/MRA58N) AppleWebKit/537.36 (KHTML, like Gecko) Chrome/75.0.3770.142 Mobile Safari/537.36"
[Tue Jul 23 2019 10:14:15 GMT+0530 (India Standard Time)] "GET /chapter0/controller.js" "Mozilla/5.0 (Linux; Android 6.0; Nexus 5 Build/MRA58N) AppleWebKit/537.36 (KHTML, like Gecko) Chrome/75.0.3770.142 Mobile Safari/537.36"
[Tue Jul 23 2019 10:14:16 GMT+0530 (India Standard Time)] "GET /chapter0/welcome.html" "Mozilla/5.0 (Linux; Android 6.0; Nexus 5 Build/MRA58N) AppleWebKit/537.36 (KHTML, like Gecko) Chrome/75.0.3770.142 Mobile Safari/537.36"
[Tue Jul 23 2019 10:14:25 GMT+0530 (India Standard Time)] "GET /chapter0/index.htm" "Mozilla/5.0 (Linux; Android 6.0; Nexus 5 Build/MRA58N) AppleWebKit/537.36 (KHTML, like Gecko) Chrome/75.0.3770.142 Mobile Safari/537.36"
[Tue Jul 23 2019 10:14:25 GMT+0530 (India Standard Time)] "GET /chapter0/controller.js" "Mozilla/5.0 (Linux; Android 6.0; Nexus 5 Build/MRA58N) AppleWebKit/537.36 (KHTML, like Gecko) Chrome/75.0.3770.142 Mobile Safari/537.36"
[Tue Jul 23 2019 10:14:26 GMT+0530 (India Standard Time)] "GET /chapter0/welcome.html" "Mozilla/5.0 (Linux; Android 6.0; Nexus 5 Build/MRA58N) AppleWebKit/537.36 (KHTML, like Gecko) Chrome/75.0.3770.142 Mobile Safari/537.36"
[Tue Jul 23 2019 10:15:01 GMT+0530 (India Standard Time)] "GET /chapter0/index.htm" "Mozilla/5.0 (Linux; Android 6.0; Nexus 5 Build/MRA58N) AppleWebKit/537.36 (KHTML, like Gecko) Chrome/75.0.3770.142 Mobile Safari/537.36"
[Tue Jul 23 2019 10:15:01 GMT+0530 (India Standard Time)] "GET /chapter0/controller.js" "Mozilla/5.0 (Linux; Android 6.0; Nexus 5 Build/MRA58N) AppleWebKit/537.36 (KHTML, like Gecko) Chrome/75.0.3770.142 Mobile Safari/537.36"
[Tue Jul 23 2019 10:15:01 GMT+0530 (India Standard Time)] "GET /chapter0/welcome.html" "Mozilla/5.0 (Linux; Android 6.0; Nexus 5 Build/MRA58N) AppleWebKit/537.36 (KHTML, like Gecko) Chrome/75.0.3770.142 Mobile Safari/537.36"
[Tue Jul 23 2019 10:16:31 GMT+0530 (India Standard Time)] "GET /chapter0/index.htm" "Mozilla/5.0 (Macintosh; Intel Mac OS X 10_14_4) AppleWebKit/537.36 (KHTML, like Gecko) Chrome/75.0.3770.142 Safari/537.36"
[Tue Jul 23 2019 10:16:52 GMT+0530 (India Standard Time)] "GET /chapter0/index.htm" "Mozilla/5.0 (Macintosh; Intel Mac OS X 10_14_4) AppleWebKit/537.36 (KHTML, like Gecko) Chrome/75.0.3770.142 Safari/537.36"
[Tue Jul 23 2019 10:17:23 GMT+0530 (India Standard Time)] "GET /chapter0/index.htm" "Mozilla/5.0 (Linux; Android 6.0; Nexus 5 Build/MRA58N) AppleWebKit/537.36 (KHTML, like Gecko) Chrome/75.0.3770.142 Mobile Safari/537.36"
[Tue Jul 23 2019 10:17:23 GMT+0530 (India Standard Time)] "GET /chapter0/controller.js" "Mozilla/5.0 (Linux; Android 6.0; Nexus 5 Build/MRA58N) AppleWebKit/537.36 (KHTML, like Gecko) Chrome/75.0.3770.142 Mobile Safari/537.36"
[Tue Jul 23 2019 10:17:24 GMT+0530 (India Standard Time)] "GET /chapter0/welcome.html" "Mozilla/5.0 (Linux; Android 6.0; Nexus 5 Build/MRA58N) AppleWebKit/537.36 (KHTML, like Gecko) Chrome/75.0.3770.142 Mobile Safari/537.36"
[Tue Jul 23 2019 10:17:48 GMT+0530 (India Standard Time)] "GET /chapter0/index.htm" "Mozilla/5.0 (Linux; Android 6.0; Nexus 5 Build/MRA58N) AppleWebKit/537.36 (KHTML, like Gecko) Chrome/75.0.3770.142 Mobile Safari/537.36"
[Tue Jul 23 2019 10:17:48 GMT+0530 (India Standard Time)] "GET /chapter0/controller.js" "Mozilla/5.0 (Linux; Android 6.0; Nexus 5 Build/MRA58N) AppleWebKit/537.36 (KHTML, like Gecko) Chrome/75.0.3770.142 Mobile Safari/537.36"
[Tue Jul 23 2019 10:17:49 GMT+0530 (India Standard Time)] "GET /chapter0/welcome.html" "Mozilla/5.0 (Linux; Android 6.0; Nexus 5 Build/MRA58N) AppleWebKit/537.36 (KHTML, like Gecko) Chrome/75.0.3770.142 Mobile Safari/537.36"
[Tue Jul 23 2019 10:18:06 GMT+0530 (India Standard Time)] "GET /chapter0/index.htm" "Mozilla/5.0 (Linux; Android 6.0; Nexus 5 Build/MRA58N) AppleWebKit/537.36 (KHTML, like Gecko) Chrome/75.0.3770.142 Mobile Safari/537.36"
[Tue Jul 23 2019 10:18:06 GMT+0530 (India Standard Time)] "GET /chapter0/controller.js" "Mozilla/5.0 (Linux; Android 6.0; Nexus 5 Build/MRA58N) AppleWebKit/537.36 (KHTML, like Gecko) Chrome/75.0.3770.142 Mobile Safari/537.36"
[Tue Jul 23 2019 10:18:06 GMT+0530 (India Standard Time)] "GET /chapter0/welcome.html" "Mozilla/5.0 (Linux; Android 6.0; Nexus 5 Build/MRA58N) AppleWebKit/537.36 (KHTML, like Gecko) Chrome/75.0.3770.142 Mobile Safari/537.36"
[Tue Jul 23 2019 10:18:19 GMT+0530 (India Standard Time)] "GET /chapter0/index.htm" "Mozilla/5.0 (Linux; Android 6.0; Nexus 5 Build/MRA58N) AppleWebKit/537.36 (KHTML, like Gecko) Chrome/75.0.3770.142 Mobile Safari/537.36"
[Tue Jul 23 2019 10:18:19 GMT+0530 (India Standard Time)] "GET /chapter0/controller.js" "Mozilla/5.0 (Linux; Android 6.0; Nexus 5 Build/MRA58N) AppleWebKit/537.36 (KHTML, like Gecko) Chrome/75.0.3770.142 Mobile Safari/537.36"
[Tue Jul 23 2019 10:18:19 GMT+0530 (India Standard Time)] "GET /chapter0/welcome.html" "Mozilla/5.0 (Linux; Android 6.0; Nexus 5 Build/MRA58N) AppleWebKit/537.36 (KHTML, like Gecko) Chrome/75.0.3770.142 Mobile Safari/537.36"
[Tue Jul 23 2019 10:18:29 GMT+0530 (India Standard Time)] "GET /chapter0/index.htm" "Mozilla/5.0 (Linux; Android 6.0; Nexus 5 Build/MRA58N) AppleWebKit/537.36 (KHTML, like Gecko) Chrome/75.0.3770.142 Mobile Safari/537.36"
[Tue Jul 23 2019 10:18:29 GMT+0530 (India Standard Time)] "GET /chapter0/controller.js" "Mozilla/5.0 (Linux; Android 6.0; Nexus 5 Build/MRA58N) AppleWebKit/537.36 (KHTML, like Gecko) Chrome/75.0.3770.142 Mobile Safari/537.36"
[Tue Jul 23 2019 10:18:30 GMT+0530 (India Standard Time)] "GET /chapter0/welcome.html" "Mozilla/5.0 (Linux; Android 6.0; Nexus 5 Build/MRA58N) AppleWebKit/537.36 (KHTML, like Gecko) Chrome/75.0.3770.142 Mobile Safari/537.36"
[Tue Jul 23 2019 10:19:24 GMT+0530 (India Standard Time)] "GET /chapter0/index.htm" "Mozilla/5.0 (Linux; Android 6.0; Nexus 5 Build/MRA58N) AppleWebKit/537.36 (KHTML, like Gecko) Chrome/75.0.3770.142 Mobile Safari/537.36"
[Tue Jul 23 2019 10:19:24 GMT+0530 (India Standard Time)] "GET /chapter0/controller.js" "Mozilla/5.0 (Linux; Android 6.0; Nexus 5 Build/MRA58N) AppleWebKit/537.36 (KHTML, like Gecko) Chrome/75.0.3770.142 Mobile Safari/537.36"
[Tue Jul 23 2019 10:19:25 GMT+0530 (India Standard Time)] "GET /chapter0/welcome.html" "Mozilla/5.0 (Linux; Android 6.0; Nexus 5 Build/MRA58N) AppleWebKit/537.36 (KHTML, like Gecko) Chrome/75.0.3770.142 Mobile Safari/537.36"
[Tue Jul 23 2019 10:19:36 GMT+0530 (India Standard Time)] "GET /chapter0/index.htm" "Mozilla/5.0 (Linux; Android 6.0; Nexus 5 Build/MRA58N) AppleWebKit/537.36 (KHTML, like Gecko) Chrome/75.0.3770.142 Mobile Safari/537.36"
[Tue Jul 23 2019 10:19:45 GMT+0530 (India Standard Time)] "GET /chapter0/index.htm" "Mozilla/5.0 (Linux; Android 6.0; Nexus 5 Build/MRA58N) AppleWebKit/537.36 (KHTML, like Gecko) Chrome/75.0.3770.142 Mobile Safari/537.36"
[Tue Jul 23 2019 10:19:46 GMT+0530 (India Standard Time)] "GET /chapter0/index.htm" "Mozilla/5.0 (Linux; Android 6.0; Nexus 5 Build/MRA58N) AppleWebKit/537.36 (KHTML, like Gecko) Chrome/75.0.3770.142 Mobile Safari/537.36"
[Tue Jul 23 2019 10:19:47 GMT+0530 (India Standard Time)] "GET /chapter0/index.htm" "Mozilla/5.0 (Linux; Android 6.0; Nexus 5 Build/MRA58N) AppleWebKit/537.36 (KHTML, like Gecko) Chrome/75.0.3770.142 Mobile Safari/537.36"
[Tue Jul 23 2019 10:19:49 GMT+0530 (India Standard Time)] "GET /chapter0/index.htm" "Mozilla/5.0 (Linux; Android 6.0; Nexus 5 Build/MRA58N) AppleWebKit/537.36 (KHTML, like Gecko) Chrome/75.0.3770.142 Mobile Safari/537.36"
[Tue Jul 23 2019 10:19:50 GMT+0530 (India Standard Time)] "GET /chapter0/index.htm" "Mozilla/5.0 (Linux; Android 6.0; Nexus 5 Build/MRA58N) AppleWebKit/537.36 (KHTML, like Gecko) Chrome/75.0.3770.142 Mobile Safari/537.36"
[Tue Jul 23 2019 10:19:51 GMT+0530 (India Standard Time)] "GET /chapter0/index.htm" "Mozilla/5.0 (Linux; Android 6.0; Nexus 5 Build/MRA58N) AppleWebKit/537.36 (KHTML, like Gecko) Chrome/75.0.3770.142 Mobile Safari/537.36"
[Tue Jul 23 2019 10:20:12 GMT+0530 (India Standard Time)] "GET /chapter0/index.htm" "Mozilla/5.0 (Linux; Android 6.0; Nexus 5 Build/MRA58N) AppleWebKit/537.36 (KHTML, like Gecko) Chrome/75.0.3770.142 Mobile Safari/537.36"
[Tue Jul 23 2019 10:20:12 GMT+0530 (India Standard Time)] "GET /chapter0/controller.js" "Mozilla/5.0 (Linux; Android 6.0; Nexus 5 Build/MRA58N) AppleWebKit/537.36 (KHTML, like Gecko) Chrome/75.0.3770.142 Mobile Safari/537.36"
[Tue Jul 23 2019 10:20:12 GMT+0530 (India Standard Time)] "GET /chapter0/welcome.html" "Mozilla/5.0 (Linux; Android 6.0; Nexus 5 Build/MRA58N) AppleWebKit/537.36 (KHTML, like Gecko) Chrome/75.0.3770.142 Mobile Safari/537.36"
[Tue Jul 23 2019 10:21:00 GMT+0530 (India Standard Time)] "GET /chapter0/index.htm" "Mozilla/5.0 (Linux; Android 6.0; Nexus 5 Build/MRA58N) AppleWebKit/537.36 (KHTML, like Gecko) Chrome/75.0.3770.142 Mobile Safari/537.36"
[Tue Jul 23 2019 10:21:02 GMT+0530 (India Standard Time)] "GET /chapter0/controller.js" "Mozilla/5.0 (Linux; Android 6.0; Nexus 5 Build/MRA58N) AppleWebKit/537.36 (KHTML, like Gecko) Chrome/75.0.3770.142 Mobile Safari/537.36"
[Tue Jul 23 2019 10:21:05 GMT+0530 (India Standard Time)] "GET /chapter0/welcome.html" "Mozilla/5.0 (Linux; Android 6.0; Nexus 5 Build/MRA58N) AppleWebKit/537.36 (KHTML, like Gecko) Chrome/75.0.3770.142 Mobile Safari/537.36"
[Tue Jul 23 2019 10:21:36 GMT+0530 (India Standard Time)] "GET /chapter0/index.htm" "Mozilla/5.0 (Linux; Android 6.0; Nexus 5 Build/MRA58N) AppleWebKit/537.36 (KHTML, like Gecko) Chrome/75.0.3770.142 Mobile Safari/537.36"
[Tue Jul 23 2019 10:21:37 GMT+0530 (India Standard Time)] "GET /chapter0/controller.js" "Mozilla/5.0 (Linux; Android 6.0; Nexus 5 Build/MRA58N) AppleWebKit/537.36 (KHTML, like Gecko) Chrome/75.0.3770.142 Mobile Safari/537.36"
[Tue Jul 23 2019 10:21:38 GMT+0530 (India Standard Time)] "GET /chapter0/welcome.html" "Mozilla/5.0 (Linux; Android 6.0; Nexus 5 Build/MRA58N) AppleWebKit/537.36 (KHTML, like Gecko) Chrome/75.0.3770.142 Mobile Safari/537.36"
[Tue Jul 23 2019 10:22:14 GMT+0530 (India Standard Time)] "GET /chapter0/index.htm" "Mozilla/5.0 (Linux; Android 6.0; Nexus 5 Build/MRA58N) AppleWebKit/537.36 (KHTML, like Gecko) Chrome/75.0.3770.142 Mobile Safari/537.36"
[Tue Jul 23 2019 10:22:14 GMT+0530 (India Standard Time)] "GET /chapter0/controller.js" "Mozilla/5.0 (Linux; Android 6.0; Nexus 5 Build/MRA58N) AppleWebKit/537.36 (KHTML, like Gecko) Chrome/75.0.3770.142 Mobile Safari/537.36"
[Tue Jul 23 2019 10:22:15 GMT+0530 (India Standard Time)] "GET /chapter0/welcome.html" "Mozilla/5.0 (Linux; Android 6.0; Nexus 5 Build/MRA58N) AppleWebKit/537.36 (KHTML, like Gecko) Chrome/75.0.3770.142 Mobile Safari/537.36"
[Tue Jul 23 2019 10:22:45 GMT+0530 (India Standard Time)] "GET /chapter0/index.htm" "Mozilla/5.0 (Linux; Android 6.0; Nexus 5 Build/MRA58N) AppleWebKit/537.36 (KHTML, like Gecko) Chrome/75.0.3770.142 Mobile Safari/537.36"
[Tue Jul 23 2019 10:22:47 GMT+0530 (India Standard Time)] "GET /chapter0/controller.js" "Mozilla/5.0 (Linux; Android 6.0; Nexus 5 Build/MRA58N) AppleWebKit/537.36 (KHTML, like Gecko) Chrome/75.0.3770.142 Mobile Safari/537.36"
[Tue Jul 23 2019 10:22:50 GMT+0530 (India Standard Time)] "GET /chapter0/welcome.html" "Mozilla/5.0 (Linux; Android 6.0; Nexus 5 Build/MRA58N) AppleWebKit/537.36 (KHTML, like Gecko) Chrome/75.0.3770.142 Mobile Safari/537.36"
[Tue Jul 23 2019 10:23:02 GMT+0530 (India Standard Time)] "GET /chapter0/index.htm" "Mozilla/5.0 (Linux; Android 6.0; Nexus 5 Build/MRA58N) AppleWebKit/537.36 (KHTML, like Gecko) Chrome/75.0.3770.142 Mobile Safari/537.36"
[Tue Jul 23 2019 10:23:02 GMT+0530 (India Standard Time)] "GET /chapter0/controller.js" "Mozilla/5.0 (Linux; Android 6.0; Nexus 5 Build/MRA58N) AppleWebKit/537.36 (KHTML, like Gecko) Chrome/75.0.3770.142 Mobile Safari/537.36"
[Tue Jul 23 2019 10:23:03 GMT+0530 (India Standard Time)] "GET /chapter0/welcome.html" "Mozilla/5.0 (Linux; Android 6.0; Nexus 5 Build/MRA58N) AppleWebKit/537.36 (KHTML, like Gecko) Chrome/75.0.3770.142 Mobile Safari/537.36"
[Tue Jul 23 2019 10:34:13 GMT+0530 (India Standard Time)] "GET /chapter0/index.htm" "Mozilla/5.0 (Linux; Android 6.0; Nexus 5 Build/MRA58N) AppleWebKit/537.36 (KHTML, like Gecko) Chrome/75.0.3770.142 Mobile Safari/537.36"
[Tue Jul 23 2019 10:34:13 GMT+0530 (India Standard Time)] "GET /chapter0/controller.js" "Mozilla/5.0 (Linux; Android 6.0; Nexus 5 Build/MRA58N) AppleWebKit/537.36 (KHTML, like Gecko) Chrome/75.0.3770.142 Mobile Safari/537.36"
[Tue Jul 23 2019 10:34:15 GMT+0530 (India Standard Time)] "GET /chapter0/welcome00.html" "Mozilla/5.0 (Linux; Android 6.0; Nexus 5 Build/MRA58N) AppleWebKit/537.36 (KHTML, like Gecko) Chrome/75.0.3770.142 Mobile Safari/537.36"
[Tue Jul 23 2019 10:34:15 GMT+0530 (India Standard Time)] "GET /chapter0/welcome00.html" Error (404): "Not found"
[Tue Jul 23 2019 10:35:36 GMT+0530 (India Standard Time)] "GET /chapter0/index.htm" "Mozilla/5.0 (Linux; Android 6.0; Nexus 5 Build/MRA58N) AppleWebKit/537.36 (KHTML, like Gecko) Chrome/75.0.3770.142 Mobile Safari/537.36"
[Tue Jul 23 2019 10:35:36 GMT+0530 (India Standard Time)] "GET /chapter0/controller.js" "Mozilla/5.0 (Linux; Android 6.0; Nexus 5 Build/MRA58N) AppleWebKit/537.36 (KHTML, like Gecko) Chrome/75.0.3770.142 Mobile Safari/537.36"
[Tue Jul 23 2019 10:35:37 GMT+0530 (India Standard Time)] "GET /chapter0/welcome00.html" "Mozilla/5.0 (Linux; Android 6.0; Nexus 5 Build/MRA58N) AppleWebKit/537.36 (KHTML, like Gecko) Chrome/75.0.3770.142 Mobile Safari/537.36"
[Tue Jul 23 2019 10:35:37 GMT+0530 (India Standard Time)] "GET /chapter0/welcome00.html" Error (404): "Not found"
[Tue Jul 23 2019 10:35:56 GMT+0530 (India Standard Time)] "GET /chapter0/index.htm" "Mozilla/5.0 (Linux; Android 6.0; Nexus 5 Build/MRA58N) AppleWebKit/537.36 (KHTML, like Gecko) Chrome/75.0.3770.142 Mobile Safari/537.36"
[Tue Jul 23 2019 10:35:56 GMT+0530 (India Standard Time)] "GET /chapter0/controller.js" "Mozilla/5.0 (Linux; Android 6.0; Nexus 5 Build/MRA58N) AppleWebKit/537.36 (KHTML, like Gecko) Chrome/75.0.3770.142 Mobile Safari/537.36"
[Tue Jul 23 2019 10:35:57 GMT+0530 (India Standard Time)] "GET /chapter0/welcome00.html" "Mozilla/5.0 (Linux; Android 6.0; Nexus 5 Build/MRA58N) AppleWebKit/537.36 (KHTML, like Gecko) Chrome/75.0.3770.142 Mobile Safari/537.36"
[Tue Jul 23 2019 10:35:57 GMT+0530 (India Standard Time)] "GET /chapter0/welcome00.html" Error (404): "Not found"
[Tue Jul 23 2019 11:17:34 GMT+0530 (India Standard Time)] "GET /chapter0/index.htm" "Mozilla/5.0 (Macintosh; Intel Mac OS X 10_14_4) AppleWebKit/537.36 (KHTML, like Gecko) Chrome/75.0.3770.142 Safari/537.36"
[Tue Jul 23 2019 11:17:34 GMT+0530 (India Standard Time)] "GET /chapter0/welcome00.html" "Mozilla/5.0 (Macintosh; Intel Mac OS X 10_14_4) AppleWebKit/537.36 (KHTML, like Gecko) Chrome/75.0.3770.142 Safari/537.36"
[Tue Jul 23 2019 11:17:34 GMT+0530 (India Standard Time)] "GET /chapter0/welcome00.html" Error (404): "Not found"
[Tue Jul 23 2019 13:17:09 GMT+0530 (India Standard Time)] "GET /chapter0/index.htm" "Mozilla/5.0 (Macintosh; Intel Mac OS X 10_14_4) AppleWebKit/537.36 (KHTML, like Gecko) Chrome/75.0.3770.142 Safari/537.36"
[Tue Jul 23 2019 13:17:09 GMT+0530 (India Standard Time)] "GET /chapter0/controller.js" "Mozilla/5.0 (Macintosh; Intel Mac OS X 10_14_4) AppleWebKit/537.36 (KHTML, like Gecko) Chrome/75.0.3770.142 Safari/537.36"
[Tue Jul 23 2019 13:17:09 GMT+0530 (India Standard Time)] "GET /chapter0/welcome00.html" "Mozilla/5.0 (Macintosh; Intel Mac OS X 10_14_4) AppleWebKit/537.36 (KHTML, like Gecko) Chrome/75.0.3770.142 Safari/537.36"
[Tue Jul 23 2019 13:17:09 GMT+0530 (India Standard Time)] "GET /chapter0/welcome00.html" Error (404): "Not found"
[Tue Jul 23 2019 13:17:35 GMT+0530 (India Standard Time)] "GET /chapter0/index.htm" "Mozilla/5.0 (Macintosh; Intel Mac OS X 10_14_4) AppleWebKit/537.36 (KHTML, like Gecko) Chrome/75.0.3770.142 Safari/537.36"
[Tue Jul 23 2019 13:17:35 GMT+0530 (India Standard Time)] "GET /chapter0/welcome00.html" "Mozilla/5.0 (Macintosh; Intel Mac OS X 10_14_4) AppleWebKit/537.36 (KHTML, like Gecko) Chrome/75.0.3770.142 Safari/537.36"
[Tue Jul 23 2019 13:17:35 GMT+0530 (India Standard Time)] "GET /chapter0/welcome00.html" Error (404): "Not found"
[Tue Jul 23 2019 13:17:37 GMT+0530 (India Standard Time)] "GET /chapter0/index.htm" "Mozilla/5.0 (Macintosh; Intel Mac OS X 10_14_4) AppleWebKit/537.36 (KHTML, like Gecko) Chrome/75.0.3770.142 Safari/537.36"
[Tue Jul 23 2019 13:17:37 GMT+0530 (India Standard Time)] "GET /chapter0/welcome00.html" "Mozilla/5.0 (Macintosh; Intel Mac OS X 10_14_4) AppleWebKit/537.36 (KHTML, like Gecko) Chrome/75.0.3770.142 Safari/537.36"
[Tue Jul 23 2019 13:17:37 GMT+0530 (India Standard Time)] "GET /chapter0/welcome00.html" Error (404): "Not found"
[Tue Jul 23 2019 13:17:45 GMT+0530 (India Standard Time)] "GET /chapter0/index.htm" "Mozilla/5.0 (Macintosh; Intel Mac OS X 10_14_4) AppleWebKit/537.36 (KHTML, like Gecko) Chrome/75.0.3770.142 Safari/537.36"
[Tue Jul 23 2019 13:17:45 GMT+0530 (India Standard Time)] "GET /chapter0/welcome00.html" "Mozilla/5.0 (Macintosh; Intel Mac OS X 10_14_4) AppleWebKit/537.36 (KHTML, like Gecko) Chrome/75.0.3770.142 Safari/537.36"
[Tue Jul 23 2019 13:17:45 GMT+0530 (India Standard Time)] "GET /chapter0/welcome00.html" Error (404): "Not found"
[Tue Jul 23 2019 13:22:32 GMT+0530 (India Standard Time)] "GET /chapter0/index.htm" "Mozilla/5.0 (Macintosh; Intel Mac OS X 10_14_4) AppleWebKit/537.36 (KHTML, like Gecko) Chrome/75.0.3770.142 Safari/537.36"
[Tue Jul 23 2019 13:22:32 GMT+0530 (India Standard Time)] "GET /chapter0/controller.js" "Mozilla/5.0 (Macintosh; Intel Mac OS X 10_14_4) AppleWebKit/537.36 (KHTML, like Gecko) Chrome/75.0.3770.142 Safari/537.36"
[Tue Jul 23 2019 13:22:32 GMT+0530 (India Standard Time)] "GET /chapter0/welcome00.html" "Mozilla/5.0 (Macintosh; Intel Mac OS X 10_14_4) AppleWebKit/537.36 (KHTML, like Gecko) Chrome/75.0.3770.142 Safari/537.36"
[Tue Jul 23 2019 13:22:32 GMT+0530 (India Standard Time)] "GET /chapter0/welcome00.html" Error (404): "Not found"
[Tue Jul 23 2019 13:22:33 GMT+0530 (India Standard Time)] "GET /chapter0/index.htm" "Mozilla/5.0 (Macintosh; Intel Mac OS X 10_14_4) AppleWebKit/537.36 (KHTML, like Gecko) Chrome/75.0.3770.142 Safari/537.36"
[Tue Jul 23 2019 13:22:33 GMT+0530 (India Standard Time)] "GET /chapter0/welcome00.html" "Mozilla/5.0 (Macintosh; Intel Mac OS X 10_14_4) AppleWebKit/537.36 (KHTML, like Gecko) Chrome/75.0.3770.142 Safari/537.36"
[Tue Jul 23 2019 13:22:33 GMT+0530 (India Standard Time)] "GET /chapter0/welcome00.html" Error (404): "Not found"
[Tue Jul 23 2019 13:22:34 GMT+0530 (India Standard Time)] "GET /chapter0/index.htm" "Mozilla/5.0 (Macintosh; Intel Mac OS X 10_14_4) AppleWebKit/537.36 (KHTML, like Gecko) Chrome/75.0.3770.142 Safari/537.36"
[Tue Jul 23 2019 13:22:34 GMT+0530 (India Standard Time)] "GET /chapter0/welcome00.html" "Mozilla/5.0 (Macintosh; Intel Mac OS X 10_14_4) AppleWebKit/537.36 (KHTML, like Gecko) Chrome/75.0.3770.142 Safari/537.36"
[Tue Jul 23 2019 13:22:34 GMT+0530 (India Standard Time)] "GET /chapter0/welcome00.html" Error (404): "Not found"
[Tue Jul 23 2019 13:22:51 GMT+0530 (India Standard Time)] "GET /chapter0/index.htm" "Mozilla/5.0 (Macintosh; Intel Mac OS X 10_14_4) AppleWebKit/537.36 (KHTML, like Gecko) Chrome/75.0.3770.142 Safari/537.36"
[Tue Jul 23 2019 13:22:51 GMT+0530 (India Standard Time)] "GET /chapter0/welcome00.html" "Mozilla/5.0 (Macintosh; Intel Mac OS X 10_14_4) AppleWebKit/537.36 (KHTML, like Gecko) Chrome/75.0.3770.142 Safari/537.36"
[Tue Jul 23 2019 13:22:51 GMT+0530 (India Standard Time)] "GET /chapter0/welcome00.html" Error (404): "Not found"
[Tue Jul 23 2019 13:23:07 GMT+0530 (India Standard Time)] "GET /chapter0/index.htm" "Mozilla/5.0 (Macintosh; Intel Mac OS X 10_14_4) AppleWebKit/537.36 (KHTML, like Gecko) Chrome/75.0.3770.142 Safari/537.36"
[Tue Jul 23 2019 13:23:08 GMT+0530 (India Standard Time)] "GET /chapter0/welcome00.html" "Mozilla/5.0 (Macintosh; Intel Mac OS X 10_14_4) AppleWebKit/537.36 (KHTML, like Gecko) Chrome/75.0.3770.142 Safari/537.36"
[Tue Jul 23 2019 13:23:08 GMT+0530 (India Standard Time)] "GET /chapter0/welcome00.html" Error (404): "Not found"
[Tue Jul 23 2019 13:24:37 GMT+0530 (India Standard Time)] "GET /chapter0/index.htm" "Mozilla/5.0 (Macintosh; Intel Mac OS X 10_14_4) AppleWebKit/537.36 (KHTML, like Gecko) Chrome/75.0.3770.142 Safari/537.36"
[Tue Jul 23 2019 13:24:37 GMT+0530 (India Standard Time)] "GET /chapter0/welcome00.html" "Mozilla/5.0 (Macintosh; Intel Mac OS X 10_14_4) AppleWebKit/537.36 (KHTML, like Gecko) Chrome/75.0.3770.142 Safari/537.36"
[Tue Jul 23 2019 13:24:37 GMT+0530 (India Standard Time)] "GET /chapter0/welcome00.html" Error (404): "Not found"
[Wed Jul 24 2019 17:28:39 GMT+0530 (India Standard Time)] "GET /chapter0/index.htm" "Mozilla/5.0 (Macintosh; Intel Mac OS X 10_14_4) AppleWebKit/537.36 (KHTML, like Gecko) Chrome/75.0.3770.142 Safari/537.36"
[Wed Jul 24 2019 17:28:39 GMT+0530 (India Standard Time)] "GET /chapter0/controller.js" "Mozilla/5.0 (Macintosh; Intel Mac OS X 10_14_4) AppleWebKit/537.36 (KHTML, like Gecko) Chrome/75.0.3770.142 Safari/537.36"
[Wed Jul 24 2019 17:28:39 GMT+0530 (India Standard Time)] "GET /chapter0/welcome00.html" "Mozilla/5.0 (Macintosh; Intel Mac OS X 10_14_4) AppleWebKit/537.36 (KHTML, like Gecko) Chrome/75.0.3770.142 Safari/537.36"
[Wed Jul 24 2019 17:28:39 GMT+0530 (India Standard Time)] "GET /chapter0/welcome00.html" Error (404): "Not found"
